0 info it worked if it ends with ok
1 verbose cli [ '/Users/discordius/.nvm/versions/node/v7.7.4/bin/node',
1 verbose cli   '/Users/discordius/.nvm/versions/node/v7.7.4/bin/npm',
1 verbose cli   'start' ]
2 info using npm@4.1.2
3 info using node@v7.7.4
4 verbose run-script [ 'prestart', 'start', 'poststart' ]
5 info lifecycle simple-todos@~prestart: simple-todos@
6 silly lifecycle simple-todos@~prestart: no script for prestart, continuing
7 info lifecycle simple-todos@~start: simple-todos@
8 verbose lifecycle simple-todos@~start: unsafe-perm in lifecycle true
9 verbose lifecycle simple-todos@~start: PATH: /Users/discordius/.nvm/versions/node/v7.7.4/lib/node_modules/npm/bin/node-gyp-bin:/Users/discordius/LessWrong/importBug/node_modules/.bin:/Users/discordius/.nvm/versions/node/v7.7.4/bin:/Users/discordius/anaconda/envs/Python2/bin:/Library/Frameworks/Python.framework/Versions/3.6/bin:/usr/local/bin:/usr/bin:/bin:/usr/sbin:/sbin:/opt/X11/bin:/Applications/Postgres.app/Contents/Versions/latest/bin
10 verbose lifecycle simple-todos@~start: CWD: /Users/discordius/LessWrong/importBug
11 silly lifecycle simple-todos@~start: Args: [ '-c', 'meteor run' ]
12 silly lifecycle simple-todos@~start: Returned: code: 1  signal: null
13 info lifecycle simple-todos@~start: Failed to exec start script
14 verbose stack Error: simple-todos@ start: `meteor run`
14 verbose stack Exit status 1
14 verbose stack     at EventEmitter.<anonymous> (/Users/discordius/.nvm/versions/node/v7.7.4/lib/node_modules/npm/lib/utils/lifecycle.js:279:16)
14 verbose stack     at emitTwo (events.js:106:13)
14 verbose stack     at EventEmitter.emit (events.js:194:7)
14 verbose stack     at ChildProcess.<anonymous> (/Users/discordius/.nvm/versions/node/v7.7.4/lib/node_modules/npm/lib/utils/spawn.js:40:14)
14 verbose stack     at emitTwo (events.js:106:13)
14 verbose stack     at ChildProcess.emit (events.js:194:7)
14 verbose stack     at maybeClose (internal/child_process.js:899:16)
14 verbose stack     at Process.ChildProcess._handle.onexit (internal/child_process.js:226:5)
15 verbose pkgid simple-todos@
16 verbose cwd /Users/discordius/LessWrong/importBug
17 error Darwin 16.7.0
18 error argv "/Users/discordius/.nvm/versions/node/v7.7.4/bin/node" "/Users/discordius/.nvm/versions/node/v7.7.4/bin/npm" "start"
19 error node v7.7.4
20 error npm  v4.1.2
21 error code ELIFECYCLE
22 error simple-todos@ start: `meteor run`
22 error Exit status 1
23 error Failed at the simple-todos@ start script 'meteor run'.
23 error Make sure you have the latest version of node.js and npm installed.
23 error If you do, this is most likely a problem with the simple-todos package,
23 error not with npm itself.
23 error Tell the author that this fails on your system:
23 error     meteor run
23 error You can get information on how to open an issue for this project with:
23 error     npm bugs simple-todos
23 error Or if that isn't available, you can get their info via:
23 error     npm owner ls simple-todos
23 error There is likely additional logging output above.
24 verbose exit [ 1, true ]
